#
# There is insufficient memory for the Java Runtime Environment to continue.
# Native memory allocation (malloc) failed to allocate 603616 bytes for Chunk::new
# Possible reasons:
#   The system is out of physical RAM or swap space
#   The process is running with CompressedOops enabled, and the Java Heap may be blocking the growth of the native heap
# Possible solutions:
#   Reduce memory load on the system
#   Increase physical memory or swap space
#   Check if swap backing store is full
#   Decrease Java heap size (-Xmx/-Xms)
#   Decrease phone of Java threads
#   Decrease Java thread stack sizes (-Xss)
#   Set larger code cache with -XX:ReservedCodeCacheSize=
#   JVM is running with Unscaled Compressed Oops mode in which the Java heap is
#     placed in the first 4GB address space. The Java Heap base address is the
#     maximum limit for the native heap growth. Please use -XX:HeapBaseMinAddress
#     to set the Java Heap base and to place the Java Heap above 4GB virtual address.
# This output file may be truncated or incomplete.
#
#  Out of Memory Error (arena.cpp:189), pid=5140, tid=11180
#
# JRE version: OpenJDK Runtime Environment (17.0.6) (build 17.0.6+0-b2043.56-10027231)
# Java VM: OpenJDK 64-Bit Server VM (17.0.6+0-b2043.56-10027231, mixed mode, tiered, compressed oops, compressed class ptrs, g1 gc, windows-amd64)
# No core dump will be written. Minidumps are not enabled by default on client versions of Windows
#

---------------  S U M M A R Y ------------

Command Line: --add-opens=java.base/java.util=ALL-UNNAMED --add-opens=java.base/java.lang=ALL-UNNAMED --add-opens=java.base/java.lang.invoke=ALL-UNNAMED --add-opens=java.prefs/java.util.prefs=ALL-UNNAMED --add-opens=java.base/java.nio.charset=ALL-UNNAMED --add-opens=java.base/java.net=ALL-UNNAMED --add-opens=java.base/java.util.concurrent.atomic=ALL-UNNAMED -Xmx2048m -Dfile.encoding=UTF-8 -Duser.country=CN -Duser.language=zh -Duser.variant org.gradle.launcher.daemon.bootstrap.GradleDaemon 8.0

Host: Intel(R) Core(TM) i5-10200H CPU @ 2.40GHz, 8 cores, 15G,  Windows 10 , 64 bit Build 19041 (10.0.19041.3636)
Time: Sat Dec  9 12:35:32 2023  Windows 10 , 64 bit Build 19041 (10.0.19041.3636) elapsed time: 3.192766 seconds (0d 0h 0m 3s)

---------------  T H R E A D  ---------------

Current thread (0x000001b65d0a5010):  JavaThread "C2 CompilerThread0" daemon [_thread_in_native, id=11180, stack(0x00000033b0f00000,0x00000033b1000000)]


Current CompileTask:
C2:   3192 3019       4       java.util.AbstractCollection::addAll (42 bytes)

Stack: [0x00000033b0f00000,0x00000033b1000000]
Native frames: (J=compiled Java code, j=interpreted, Vv=VM code, C=native code)
V  [jvm.dll+0x683c9a]
V  [jvm.dll+0x8427a4]
V  [jvm.dll+0x843f9e]
V  [jvm.dll+0x844603]
V  [jvm.dll+0x249b75]
V  [jvm.dll+0xabcac]
V  [jvm.dll+0xac27c]
V  [jvm.dll+0x2b0eef]
V  [jvm.dll+0x58a267]
V  [jvm.dll+0x2243b2]
V  [jvm.dll+0x22478f]
V  [jvm.dll+0x21e055]
V  [jvm.dll+0x21b51b]
V  [jvm.dll+0x1a4fdd]
V  [jvm.dll+0x22b098]
V  [jvm.dll+0x229159]
V  [jvm.dll+0x7f81ec]
V  [jvm.dll+0x7f274a]
V  [jvm.dll+0x682ad5]
C  [ucrtbase.dll+0x21bb2]
C  [KERNEL32.DLL+0x17344]
C  [ntdll.dll+0x526b1]


---------------  P R O C E S S  ---------------

Threads class SMR info:
_java_thread_list=0x000001b662d1f880, length=37, elements={
0x000001b64291f6c0, 0x000001b65d029180, 0x000001b65d02a6a0, 0x000001b65d078c80,
0x000001b65d07c660, 0x000001b65d07d6c0, 0x000001b65d07e720, 0x000001b65d0a5010,
0x000001b65d0a9d50, 0x000001b65d0b6a80, 0x000001b65d22d320, 0x000001b65d20bed0,
0x000001b66093f710, 0x000001b65d879790, 0x000001b65ec15300, 0x000001b65d94ffc0,
0x000001b65fa33040, 0x000001b6602d2ba0, 0x000001b660cd68c0, 0x000001b65fb7a160,
0x000001b65fb7b4a0, 0x000001b65fb7a630, 0x000001b65fb7b970, 0x000001b65fb7ab00,
0x000001b65fb7afd0, 0x000001b66140aee0, 0x000001b661408d30, 0x000001b661407520,
0x000001b66140bd50, 0x000001b661407ec0, 0x000001b66140d560, 0x000001b661407050,
0x000001b6614079f0, 0x000001b65d3fd2e0, 0x000001b66140c6f0, 0x000001b6614096d0,
0x000001b65eb65280
}

Java Threads: ( => current thread )
  0x000001b64291f6c0 JavaThread "main" [_thread_blocked, id=23188, stack(0x00000033b0200000,0x00000033b0300000)]
  0x000001b65d029180 JavaThread "Reference Handler" daemon [_thread_blocked, id=2352, stack(0x00000033b0900000,0x00000033b0a00000)]
  0x000001b65d02a6a0 JavaThread "Finalizer" daemon [_thread_blocked, id=11000, stack(0x00000033b0a00000,0x00000033b0b00000)]
  0x000001b65d078c80 JavaThread "Signal Dispatcher" daemon [_thread_blocked, id=11540, stack(0x00000033b0b00000,0x00000033b0c00000)]
  0x000001b65d07c660 JavaThread "Attach Listener" daemon [_thread_blocked, id=25532, stack(0x00000033b0c00000,0x00000033b0d00000)]
  0x000001b65d07d6c0 JavaThread "Service Thread" daemon [_thread_blocked, id=10676, stack(0x00000033b0d00000,0x00000033b0e00000)]
  0x000001b65d07e720 JavaThread "Monitor Deflation Thread" daemon [_thread_blocked, id=16920, stack(0x00000033b0e00000,0x00000033b0f00000)]
=>0x000001b65d0a5010 JavaThread "C2 CompilerThread0" daemon [_thread_in_native, id=11180, stack(0x00000033b0f00000,0x00000033b1000000)]
  0x000001b65d0a9d50 JavaThread "C1 CompilerThread0" daemon [_thread_blocked, id=8692, stack(0x00000033b1000000,0x00000033b1100000)]
  0x000001b65d0b6a80 JavaThread "Sweeper thread" daemon [_thread_blocked, id=15212, stack(0x00000033b1100000,0x00000033b1200000)]
  0x000001b65d22d320 JavaThread "Common-Cleaner" daemon [_thread_blocked, id=10356, stack(0x00000033b1200000,0x00000033b1300000)]
  0x000001b65d20bed0 JavaThread "Notification Thread" daemon [_thread_blocked, id=19088, stack(0x00000033b1300000,0x00000033b1400000)]
  0x000001b66093f710 JavaThread "Daemon health stats" [_thread_blocked, id=25540, stack(0x00000033b1c00000,0x00000033b1d00000)]
  0x000001b65d879790 JavaThread "Incoming local TCP Connector on port 60794" [_thread_in_native, id=8484, stack(0x00000033b1600000,0x00000033b1700000)]
  0x000001b65ec15300 JavaThread "Daemon periodic checks" [_thread_blocked, id=4628, stack(0x00000033b1d00000,0x00000033b1e00000)]
  0x000001b65d94ffc0 JavaThread "Daemon" [_thread_blocked, id=13228, stack(0x00000033b1f00000,0x00000033b2000000)]
  0x000001b65fa33040 JavaThread "Handler for socket connection from /127.0.0.1:60794 to /127.0.0.1:60795" [_thread_in_native, id=12212, stack(0x00000033b2000000,0x00000033b2100000)]
  0x000001b6602d2ba0 JavaThread "Cancel handler" [_thread_blocked, id=13616, stack(0x00000033b2100000,0x00000033b2200000)]
  0x000001b660cd68c0 JavaThread "Daemon worker" [_thread_in_vm, id=9300, stack(0x00000033b2200000,0x00000033b2300000)]
  0x000001b65fb7a160 JavaThread "Asynchronous log dispatcher for DefaultDaemonConnection: socket connection from /127.0.0.1:60794 to /127.0.0.1:60795" [_thread_blocked, id=12724, stack(0x00000033b2300000,0x00000033b2400000)]
  0x000001b65fb7b4a0 JavaThread "Stdin handler" [_thread_blocked, id=4236, stack(0x00000033b2400000,0x00000033b2500000)]
  0x000001b65fb7a630 JavaThread "Daemon client event forwarder" [_thread_blocked, id=24228, stack(0x00000033b2500000,0x00000033b2600000)]
  0x000001b65fb7b970 JavaThread "Cache worker for journal cache (C:\Users\Random\.gradle\caches\journal-1)" [_thread_blocked, id=1256, stack(0x00000033b2900000,0x00000033b2a00000)]
  0x000001b65fb7ab00 JavaThread "File lock request listener" [_thread_in_native, id=16912, stack(0x00000033b2a00000,0x00000033b2b00000)]
  0x000001b65fb7afd0 JavaThread "Cache worker for file hash cache (C:\Users\Random\.gradle\caches\8.0\fileHashes)" [_thread_blocked, id=25220, stack(0x00000033b2b00000,0x00000033b2c00000)]
  0x000001b66140aee0 JavaThread "File watcher server" daemon [_thread_in_native, id=12776, stack(0x00000033b2c00000,0x00000033b2d00000)]
  0x000001b661408d30 JavaThread "File watcher consumer" daemon [_thread_blocked, id=7616, stack(0x00000033b2d00000,0x00000033b2e00000)]
  0x000001b661407520 JavaThread "Cache worker for checksums cache (D:\Android\androidproject\Adressbook2\.gradle\8.0\checksums)" [_thread_blocked, id=14704, stack(0x00000033b2e00000,0x00000033b2f00000)]
  0x000001b66140bd50 JavaThread "Cache worker for cache directory md-rule (C:\Users\Random\.gradle\caches\8.0\md-rule)" [_thread_blocked, id=3556, stack(0x00000033b2f00000,0x00000033b3000000)]
  0x000001b661407ec0 JavaThread "Cache worker for file content cache (C:\Users\Random\.gradle\caches\8.0\fileContent)" [_thread_blocked, id=16656, stack(0x00000033b3000000,0x00000033b3100000)]
  0x000001b66140d560 JavaThread "Cache worker for file hash cache (D:\Android\androidproject\Adressbook2\.gradle\8.0\fileHashes)" [_thread_blocked, id=1196, stack(0x00000033b3100000,0x00000033b3200000)]
  0x000001b661407050 JavaThread "Cache worker for cache directory md-supplier (C:\Users\Random\.gradle\caches\8.0\md-supplier)" [_thread_blocked, id=25508, stack(0x00000033b3200000,0x00000033b3300000)]
  0x000001b6614079f0 JavaThread "Cache worker for execution history cache (C:\Users\Random\.gradle\caches\8.0\executionHistory)" [_thread_blocked, id=20896, stack(0x00000033b1e00000,0x00000033b1f00000)]
  0x000001b65d3fd2e0 JavaThread "C2 CompilerThread1" daemon [_thread_in_native, id=9412, stack(0x00000033b1500000,0x00000033b1600000)]
  0x000001b66140c6f0 JavaThread "jar transforms" [_thread_blocked, id=18092, stack(0x00000033b3300000,0x00000033b3400000)]
  0x000001b6614096d0 JavaThread "jar transforms Thread 2" [_thread_blocked, id=14564, stack(0x00000033b3400000,0x00000033b3500000)]
  0x000001b65eb65280 JavaThread "C2 CompilerThread2" daemon [_thread_in_native, id=10416, stack(0x00000033b3500000,0x00000033b3600000)]

Other Threads:
  0x000001b65c7ae850 VMThread "VM Thread" [stack: 0x00000033b0800000,0x00000033b0900000] [id=23284]
  0x000001b642995a40 WatcherThread [stack: 0x00000033b1400000,0x00000033b1500000] [id=15568]
  0x000001b64297a890 GCTaskThread "GC Thread#0" [stack: 0x00000033b0300000,0x00000033b0400000] [id=4508]
  0x000001b65d6e81e0 GCTaskThread "GC Thread#1" [stack: 0x00000033b1700000,0x00000033b1800000] [id=5840]
  0x000001b65d4ee570 GCTaskThread "GC Thread#2" [stack: 0x00000033b1800000,0x00000033b1900000] [id=20436]
  0x000001b65d9a1ce0 GCTaskThread "GC Thread#3" [stack: 0x00000033b1900000,0x00000033b1a00000] [id=15132]
  0x000001b65d9a1f90 GCTaskThread "GC Thread#4" [stack: 0x00000033b1a00000,0x00000033b1b00000] [id=10908]
  0x000001b65d5beb90 GCTaskThread "GC Thread#5" [stack: 0x00000033b1b00000,0x00000033b1c00000] [id=9364]
  0x000001b65e4e2890 GCTaskThread "GC Thread#6" [stack: 0x00000033b2600000,0x00000033b2700000] [id=22708]
  0x000001b65facc6c0 GCTaskThread "GC Thread#7" [stack: 0x00000033b2700000,0x00000033b2800000] [id=4552]
  0x000001b64298c6f0 ConcurrentGCThread "G1 Main Marker" [stack: 0x00000033b0400000,0x00000033b0500000] [id=15232]
  0x000001b64298d7b0 ConcurrentGCThread "G1 Conc#0" [stack: 0x00000033b0500000,0x00000033b0600000] [id=19684]
  0x000001b65eb8a450 ConcurrentGCThread "G1 Conc#1" [stack: 0x00000033b2800000,0x00000033b2900000] [id=24620]
  0x000001b6429eeaf0 ConcurrentGCThread "G1 Refine#0" [stack: 0x00000033b0600000,0x00000033b0700000] [id=1744]
  0x000001b65c62ca90 ConcurrentGCThread "G1 Service" [stack: 0x00000033b0700000,0x00000033b0800000] [id=5644]

Threads with active compile tasks:
C2 CompilerThread0     3229 3019       4       java.util.AbstractCollection::addAll (42 bytes)
C2 CompilerThread1     3229 2885       4       jdk.internal.loader.URLClassPath::getResource (74 bytes)
C2 CompilerThread2     3229 2882  s!   4       jdk.internal.loader.URLClassPath::getLoader (194 bytes)

VM state: not at safepoint (normal execution)

VM Mutex/Monitor currently owned by a thread:  ([mutex/lock_event])
[0x000001b6429191f0] Metaspace_lock - owner thread: 0x000001b660cd68c0

Heap address: 0x0000000080000000, size: 2048 MB, Compressed Oops mode: 32-bit

CDS archive(s) not mapped
Compressed class space mapped at: 0x0000000100000000-0x0000000140000000, reserved size: 1073741824
Narrow klass base: 0x0000000000000000, Narrow klass shift: 3, Narrow klass range: 0x140000000

GC Precious Log:
 CPUs: 8 total, 8 available
 Memory: 16251M
 Large Page Support: Disabled
 NUMA Support: Disabled
 Compressed Oops: Enabled (32-bit)
 Heap Region Size: 1M
 Heap Min Capacity: 8M
 Heap Initial Capacity: 254M
 Heap Max Capacity: 2G
 Pre-touch: Disabled
 Parallel Workers: 8
 Concurrent Workers: 2
 Concurrent Refinement Workers: 8
 Periodic GC: Disabled

Heap:
 garbage-first heap   total 71680K, used 28133K [0x0000000080000000, 0x0000000100000000)
  region size 1024K, 9 young (9216K), 4 survivors (4096K)
 Metaspace       used 38220K, committed 38592K, reserved 1089536K
  class space    used 5130K, committed 5312K, reserved 1048576K

Heap Regions: E=young(eden), S=young(survivor), O=old, HS=humongous(starts), HC=humongous(continues), CS=collection set, F=free, OA=open archive, CA=closed archive, TAMS=top-at-mark-start (previous, next)
|   0|0x0000000080000000, 0x0000000080100000, 0x0000000080100000|100%|HS|  |TAMS 0x0000000080100000, 0x0000000080000000| Complete 
|   1|0x0000000080100000, 0x0000000080200000, 0x0000000080200000|100%|HC|  |TAMS 0x0000000080200000, 0x0000000080100000| Complete 
|   2|0x0000000080200000, 0x0000000080300000, 0x0000000080300000|100%|HC|  |TAMS 0x0000000080300000, 0x0000000080200000| Complete 
|   3|0x0000000080300000, 0x0000000080400000, 0x0000000080400000|100%|HC|  |TAMS 0x0000000080400000, 0x0000000080300000| Complete 
|   4|0x0000000080400000, 0x0000000080500000, 0x0000000080500000|100%| O|  |TAMS 0x0000000080500000, 0x0000000080400000| Untracked 
|   5|0x0000000080500000, 0x0000000080600000, 0x0000000080600000|100%| O|  |TAMS 0x0000000080600000, 0x0000000080500000| Untracked 
|   6|0x0000000080600000, 0x0000000080700000, 0x0000000080700000|100%| O|  |TAMS 0x0000000080700000, 0x0000000080600000| Untracked 
|   7|0x0000000080700000, 0x0000000080800000, 0x0000000080800000|100%| O|  |TAMS 0x0000000080800000, 0x0000000080700000| Untracked 
|   8|0x0000000080800000, 0x0000000080900000, 0x0000000080900000|100%| O|  |TAMS 0x0000000080900000, 0x0000000080800000| Untracked 
|   9|0x0000000080900000, 0x0000000080a00000, 0x0000000080a00000|100%| O|  |TAMS 0x0000000080a00000, 0x0000000080900000| Untracked 
|  10|0x0000000080a00000, 0x0000000080b00000, 0x0000000080b00000|100%| O|  |TAMS 0x0000000080b00000, 0x0000000080a00000| Untracked 
|  11|0x0000000080b00000, 0x0000000080b00000, 0x0000000080c00000|  0%| F|  |TAMS 0x0000000080b00000, 0x0000000080b00000| Untracked 
|  12|0x0000000080c00000, 0x0000000080d00000, 0x0000000080d00000|100%| O|  |TAMS 0x0000000080d00000, 0x0000000080c00000| Untracked 
|  13|0x0000000080d00000, 0x0000000080e00000, 0x0000000080e00000|100%| O|  |TAMS 0x0000000080e00000, 0x0000000080d00000| Untracked 
|  14|0x0000000080e00000, 0x0000000080f00000, 0x0000000080f00000|100%| O|  |TAMS 0x0000000080f00000, 0x0000000080e00000| Untracked 
|  15|0x0000000080f00000, 0x0000000081000000, 0x0000000081000000|100%| O|  |TAMS 0x0000000081000000, 0x0000000080f00000| Untracked 
|  16|0x0000000081000000, 0x0000000081100000, 0x0000000081100000|100%| O|  |TAMS 0x0000000081100000, 0x0000000081000000| Untracked 
|  17|0x0000000081100000, 0x0000000081200000, 0x0000000081200000|100%| O|  |TAMS 0x0000000081200000, 0x0000000081100000| Untracked 
|  18|0x0000000081200000, 0x0000000081300000, 0x0000000081300000|100%| O|  |TAMS 0x0000000081300000, 0x0000000081200000| Untracked 
|  19|0x0000000081300000, 0x0000000081400000, 0x0000000081400000|100%| O|  |TAMS 0x0000000081400000, 0x0000000081300000| Untracked 
|  20|0x0000000081400000, 0x00000000814cd400, 0x0000000081500000| 80%| O|  |TAMS 0x00000000814cd400, 0x0000000081400000| Untracked 
|  21|0x0000000081500000, 0x0000000081500000, 0x0000000081600000|  0%| F|  |TAMS 0x0000000081500000, 0x0000000081500000| Untracked 
|  22|0x0000000081600000, 0x0000000081600000, 0x0000000081700000|  0%| F|  |TAMS 0x0000000081600000, 0x0000000081600000| Untracked 
|  23|0x0000000081700000, 0x0000000081700000, 0x0000000081800000|  0%| F|  |TAMS 0x0000000081700000, 0x0000000081700000| Untracked 
|  24|0x0000000081800000, 0x0000000081800000, 0x0000000081900000|  0%| F|  |TAMS 0x0000000081800000, 0x0000000081800000| Untracked 
|  25|0x0000000081900000, 0x0000000081900000, 0x0000000081a00000|  0%| F|  |TAMS 0x0000000081900000, 0x0000000081900000| Untracked 
|  26|0x0000000081a00000, 0x0000000081a00000, 0x0000000081b00000|  0%| F|  |TAMS 0x0000000081a00000, 0x0000000081a00000| Untracked 
|  27|0x0000000081b00000, 0x0000000081b00000, 0x0000000081c00000|  0%| F|  |TAMS 0x0000000081b00000, 0x0000000081b00000| Untracked 
|  28|0x0000000081c00000, 0x0000000081c00000, 0x0000000081d00000|  0%| F|  |TAMS 0x0000000081c00000, 0x0000000081c00000| Untracked 
|  29|0x0000000081d00000, 0x0000000081d00000, 0x0000000081e00000|  0%| F|  |TAMS 0x0000000081d00000, 0x0000000081d00000| Untracked 
|  30|0x0000000081e00000, 0x0000000081e00000, 0x0000000081f00000|  0%| F|  |TAMS 0x0000000081e00000, 0x0000000081e00000| Untracked 
|  31|0x0000000081f00000, 0x0000000081f00000, 0x0000000082000000|  0%| F|  |TAMS 0x0000000081f00000, 0x0000000081f00000| Untracked 
|  32|0x0000000082000000, 0x0000000082000000, 0x0000000082100000|  0%| F|  |TAMS 0x0000000082000000, 0x0000000082000000| Untracked 
|  33|0x0000000082100000, 0x0000000082100000, 0x0000000082200000|  0%| F|  |TAMS 0x0000000082100000, 0x0000000082100000| Untracked 
|  34|0x0000000082200000, 0x0000000082200000, 0x0000000082300000|  0%| F|  |TAMS 0x0000000082200000, 0x0000000082200000| Untracked 
|  35|0x0000000082300000, 0x0000000082300000, 0x0000000082400000|  0%| F|  |TAMS 0x0000000082300000, 0x0000000082300000| Untracked 
|  36|0x0000000082400000, 0x0000000082400000, 0x0000000082500000|  0%| F|  |TAMS 0x0000000082400000, 0x0000000082400000| Untracked 
|  37|0x0000000082500000, 0x0000000082500000, 0x0000000082600000|  0%| F|  |TAMS 0x0000000082500000, 0x0000000082500000| Untracked 
|  38|0x0000000082600000, 0x00000000826ac1c8, 0x0000000082700000| 67%| S|CS|TAMS 0x0000000082600000, 0x0000000082600000| Complete 
|  39|0x0000000082700000, 0x0000000082700000, 0x0000000082800000|  0%| F|  |TAMS 0x0000000082700000, 0x0000000082700000| Untracked 
|  40|0x0000000082800000, 0x0000000082800000, 0x0000000082900000|  0%| F|  |TAMS 0x0000000082800000, 0x0000000082800000| Untracked 
|  41|0x0000000082900000, 0x0000000082a00000, 0x0000000082a00000|100%| S|CS|TAMS 0x0000000082900000, 0x0000000082900000| Complete 
|  42|0x0000000082a00000, 0x0000000082b00000, 0x0000000082b00000|100%| S|CS|TAMS 0x0000000082a00000, 0x0000000082a00000| Complete 
|  43|0x0000000082b00000, 0x0000000082c00000, 0x0000000082c00000|100%| S|CS|TAMS 0x0000000082b00000, 0x0000000082b00000| Complete 
|  44|0x0000000082c00000, 0x0000000082c00000, 0x0000000082d00000|  0%| F|  |TAMS 0x0000000082c00000, 0x0000000082c00000| Untracked 
|  45|0x0000000082d00000, 0x0000000082d00000, 0x0000000082e00000|  0%| F|  |TAMS 0x0000000082d00000, 0x0000000082d00000| Untracked 
|  46|0x0000000082e00000, 0x0000000082e00000, 0x0000000082f00000|  0%| F|  |TAMS 0x0000000082e00000, 0x0000000082e00000| Untracked 
|  47|0x0000000082f00000, 0x0000000082f00000, 0x0000000083000000|  0%| F|  |TAMS 0x0000000082f00000, 0x0000000082f00000| Untracked 
|  48|0x0000000083000000, 0x0000000083000000, 0x0000000083100000|  0%| F|  |TAMS 0x0000000083000000, 0x0000000083000000| Untracked 
|  49|0x0000000083100000, 0x0000000083100000, 0x0000000083200000|  0%| F|  |TAMS 0x0000000083100000, 0x0000000083100000| Untracked 
|  50|0x0000000083200000, 0x0000000083200000, 0x0000000083300000|  0%| F|  |TAMS 0x0000000083200000, 0x0000000083200000| Untracked 
|  51|0x0000000083300000, 0x0000000083300000, 0x0000000083400000|  0%| F|  |TAMS 0x0000000083300000, 0x0000000083300000| Untracked 
|  52|0x0000000083400000, 0x0000000083400000, 0x0000000083500000|  0%| F|  |TAMS 0x0000000083400000, 0x0000000083400000| Untracked 
|  53|0x0000000083500000, 0x0000000083500000, 0x0000000083600000|  0%| F|  |TAMS 0x0000000083500000, 0x0000000083500000| Untracked 
|  54|0x0000000083600000, 0x0000000083600000, 0x0000000083700000|  0%| F|  |TAMS 0x0000000083600000, 0x0000000083600000| Untracked 
|  55|0x0000000083700000, 0x0000000083700000, 0x0000000083800000|  0%| F|  |TAMS 0x0000000083700000, 0x0000000083700000| Untracked 
|  56|0x0000000083800000, 0x0000000083800000, 0x0000000083900000|  0%| F|  |TAMS 0x0000000083800000, 0x0000000083800000| Untracked 
|  57|0x0000000083900000, 0x0000000083900000, 0x0000000083a00000|  0%| F|  |TAMS 0x0000000083900000, 0x0000000083900000| Untracked 
|  58|0x0000000083a00000, 0x0000000083a00000, 0x0000000083b00000|  0%| F|  |TAMS 0x0000000083a00000, 0x0000000083a00000| Untracked 
|  59|0x0000000083b00000, 0x0000000083b00000, 0x0000000083c00000|  0%| F|  |TAMS 0x0000000083b00000, 0x0000000083b00000| Untracked 
| 202|0x000000008ca00000, 0x000000008ca00000, 0x000000008cb00000|  0%| F|  |TAMS 0x000000008ca00000, 0x000000008ca00000| Untracked 
| 203|0x000000008cb00000, 0x000000008cb00000, 0x000000008cc00000|  0%| F|  |TAMS 0x000000008cb00000, 0x000000008cb00000| Untracked 
| 204|0x000000008cc00000, 0x000000008cc00000, 0x000000008cd00000|  0%| F|  |TAMS 0x000000008cc00000, 0x000000008cc00000| Untracked 
| 205|0x000000008cd00000, 0x000000008cd00000, 0x000000008ce00000|  0%| F|  |TAMS 0x000000008cd00000, 0x000000008cd00000| Untracked 
| 206|0x000000008ce00000, 0x000000008ce00000, 0x000000008cf00000|  0%| F|  |TAMS 0x000000008ce00000, 0x000000008ce00000| Untracked 
| 207|0x000000008cf00000, 0x000000008cf7c5d0, 0x000000008d000000| 48%| E|  |TAMS 0x000000008cf00000, 0x000000008cf00000| Complete 
| 208|0x000000008d000000, 0x000000008d100000, 0x000000008d100000|100%| E|CS|TAMS 0x000000008d000000, 0x000000008d000000| Complete 
| 209|0x000000008d100000, 0x000000008d200000, 0x000000008d200000|100%| E|CS|TAMS 0x000000008d100000, 0x000000008d100000| Complete 
| 210|0x000000008d200000, 0x000000008d300000, 0x000000008d300000|100%| E|CS|TAMS 0x000000008d200000, 0x000000008d200000| Complete 
| 253|0x000000008fd00000, 0x000000008fe00000, 0x000000008fe00000|100%| E|CS|TAMS 0x000000008fd00000, 0x000000008fd00000| Complete 

Card table byte_map: [0x000001b655530000,0x000001b655930000] _byte_map_base: 0x000001b655130000

Marking Bits (Prev, Next): (CMBitMap*) 0x000001b64297adb0, (CMBitMap*) 0x000001b64297adf0
 Prev Bits: [0x000001b655d30000, 0x000001b657d30000)
 Next Bits: [0x000001b657d30000, 0x000001b659d30000)

Polling page: 0x000001b6420f0000

Metaspace:

Usage:
  Non-class:     32.31 MB used.
      Class:      5.01 MB used.
       Both:     37.32 MB used.

Virtual space:
  Non-class space:       40.00 MB reserved,      32.50 MB ( 81%) committed,  5 nodes.
      Class space:        1.00 GB reserved,       5.19 MB ( <1%) committed,  1 nodes.
             Both:        1.04 GB reserved,      37.69 MB (  4%) committed. 

Chunk freelists:
   Non-Class:  2.98 MB
       Class:  2.66 MB
        Both:  5.64 MB

MaxMetaspaceSize: unlimited
CompressedClassSpaceSize: 1.00 GB
Initial GC threshold: 21.00 MB
Current GC threshold: 59.19 MB
CDS: off
MetaspaceReclaimPolicy: balanced
 - commit_granule_bytes: 65536.
 - commit_granule_words: 8192.
 - virtual_space_node_default_size: 1048576.
 - enlarge_chunks_in_place: 1.
 - new_chunks_are_fully_committed: 0.
 - uncommit_free_chunks: 1.
 - use_allocation_guard: 0.
 - handle_deallocations: 1.


Internal statistics:

num_allocs_failed_limit: 6.
num_arena_births: 300.
num_arena_deaths: 0.
num_vsnodes_births: 6.
num_vsnodes_deaths: 0.
num_space_committed: 603.
num_space_uncommitted: 0.
num_chunks_returned_to_freelist: 6.
num_chunks_taken_from_freelist: 1350.
num_chunk_merges: 6.
num_chunk_splits: 893.
num_chunks_enlarged: 632.
num_purges: 0.
num_inconsistent_stats: 0.

CodeHeap 'non-profiled nmethods': size=120000Kb used=1745Kb max_used=1745Kb free=118254Kb
 bounds [0x000001b64d8c0000, 0x000001b64db30000, 0x000001b654df0000]
CodeHeap 'profiled nmethods': size=120000Kb used=6250Kb max_used=6250Kb free=113749Kb
 bounds [0x000001b645df0000, 0x000001b646410000, 0x000001b64d320000]
CodeHeap 'non-nmethods': size=5760Kb used=1240Kb max_used=1309Kb free=4519Kb
 bounds [0x000001b64d320000, 0x000001b64d590000, 0x000001b64d8c0000]
 total_blobs=3627 nmethods=3076 adapters=463
 compilation: enabled
              stopped_count=0, restarted_count=0
 full_count=0

Compilation events (20 events):
Event: 3.172 Thread 0x000001b65d0a9d50 3049       3       java.util.regex.Pattern$BitClass::is (22 bytes)
Event: 3.172 Thread 0x000001b65d0a9d50 nmethod 3049 0x000001b646401890 code [0x000001b646401a20, 0x000001b646401bf8]
Event: 3.176 Thread 0x000001b65d0a9d50 3050       3       jdk.internal.jimage.ImageBufferCache::getCapacity (21 bytes)
Event: 3.176 Thread 0x000001b65d0a9d50 nmethod 3050 0x000001b646401d10 code [0x000001b646401ec0, 0x000001b6464021c8]
Event: 3.176 Thread 0x000001b65d0a9d50 3052       3       java.util.Optional::<init> (10 bytes)
Event: 3.176 Thread 0x000001b65d0a9d50 nmethod 3052 0x000001b646402290 code [0x000001b646402420, 0x000001b6464025d8]
Event: 3.176 Thread 0x000001b65d0a9d50 3051       1       jdk.internal.jimage.decompressor.CompressedResourceHeader::getSize (3 bytes)
Event: 3.176 Thread 0x000001b65d0a9d50 nmethod 3051 0x000001b64da72590 code [0x000001b64da72720, 0x000001b64da727d8]
Event: 3.176 Thread 0x000001b65d0a9d50 3053       3       java.lang.PublicMethods::toArray (76 bytes)
Event: 3.176 Thread 0x000001b65d0a9d50 nmethod 3053 0x000001b646402690 code [0x000001b6464028a0, 0x000001b646403138]
Event: 3.177 Thread 0x000001b65d0a9d50 3054       3       java.lang.Throwable::<init> (34 bytes)
Event: 3.177 Thread 0x000001b65d0a9d50 nmethod 3054 0x000001b646403390 code [0x000001b646403560, 0x000001b646403928]
Event: 3.177 Thread 0x000001b65d0a9d50 3055       3       java.util.StringJoiner::<init> (63 bytes)
Event: 3.177 Thread 0x000001b65d0a9d50 nmethod 3055 0x000001b646403a10 code [0x000001b646403c60, 0x000001b646404588]
Event: 3.177 Thread 0x000001b65d0a9d50 3056       3       java.util.StringJoiner::toString (53 bytes)
Event: 3.178 Thread 0x000001b65d0a9d50 nmethod 3056 0x000001b646404890 code [0x000001b646404a40, 0x000001b646404c68]
Event: 3.178 Thread 0x000001b65d0a9d50 3057       1       java.net.JarURLConnection::getJarFileURL (5 bytes)
Event: 3.178 Thread 0x000001b65d0a9d50 nmethod 3057 0x000001b64da72890 code [0x000001b64da72a20, 0x000001b64da72af8]
Event: 3.181 Thread 0x000001b65d0a9d50 3059       3       java.util.concurrent.locks.ReentrantLock$Sync::isHeldExclusively (16 bytes)
Event: 3.181 Thread 0x000001b65d0a9d50 nmethod 3059 0x000001b646404d10 code [0x000001b646404ea0, 0x000001b646405038]

GC Heap History (14 events):
Event: 0.608 GC heap before
{Heap before GC invocations=0 (full 0):
 garbage-first heap   total 260096K, used 26624K [0x0000000080000000, 0x0000000100000000)
  region size 1024K, 23 young (23552K), 0 survivors (0K)
 Metaspace       used 10273K, committed 10432K, reserved 1064960K
  class space    used 1061K, committed 1152K, reserved 1048576K
}
Event: 0.610 GC heap after
{Heap after GC invocations=1 (full 0):
 garbage-first heap   total 260096K, used 10261K [0x0000000080000000, 0x0000000100000000)
  region size 1024K, 3 young (3072K), 3 survivors (3072K)
 Metaspace       used 10273K, committed 10432K, reserved 1064960K
  class space    used 1061K, committed 1152K, reserved 1048576K
}
Event: 1.013 GC heap before
{Heap before GC invocations=1 (full 0):
 garbage-first heap   total 260096K, used 38933K [0x0000000080000000, 0x0000000100000000)
  region size 1024K, 30 young (30720K), 3 survivors (3072K)
 Metaspace       used 11219K, committed 11456K, reserved 1064960K
  class space    used 1164K, committed 1280K, reserved 1048576K
}
Event: 1.015 GC heap after
{Heap after GC invocations=2 (full 0):
 garbage-first heap   total 260096K, used 12962K [0x0000000080000000, 0x0000000100000000)
  region size 1024K, 3 young (3072K), 3 survivors (3072K)
 Metaspace       used 11219K, committed 11456K, reserved 1064960K
  class space    used 1164K, committed 1280K, reserved 1048576K
}
Event: 1.861 GC heap before
{Heap before GC invocations=2 (full 0):
 garbage-first heap   total 260096K, used 52898K [0x0000000080000000, 0x0000000100000000)
  region size 1024K, 43 young (44032K), 3 survivors (3072K)
 Metaspace       used 21261K, committed 21504K, reserved 1073152K
  class space    used 2589K, committed 2752K, reserved 1048576K
}
Event: 1.865 GC heap after
{Heap after GC invocations=3 (full 0):
 garbage-first heap   total 260096K, used 18693K [0x0000000080000000, 0x0000000100000000)
  region size 1024K, 9 young (9216K), 9 survivors (9216K)
 Metaspace       used 21261K, committed 21504K, reserved 1073152K
  class space    used 2589K, committed 2752K, reserved 1048576K
}
Event: 2.311 GC heap before
{Heap before GC invocations=4 (full 0):
 garbage-first heap   total 71680K, used 52485K [0x0000000080000000, 0x0000000100000000)
  region size 1024K, 42 young (43008K), 9 survivors (9216K)
 Metaspace       used 26489K, committed 26816K, reserved 1073152K
  class space    used 3497K, committed 3648K, reserved 1048576K
}
Event: 2.316 GC heap after
{Heap after GC invocations=5 (full 0):
 garbage-first heap   total 71680K, used 20705K [0x0000000080000000, 0x0000000100000000)
  region size 1024K, 3 young (3072K), 3 survivors (3072K)
 Metaspace       used 26489K, committed 26816K, reserved 1073152K
  class space    used 3497K, committed 3648K, reserved 1048576K
}
Event: 2.334 GC heap before
{Heap before GC invocations=5 (full 0):
 garbage-first heap   total 71680K, used 21729K [0x0000000080000000, 0x0000000100000000)
  region size 1024K, 4 young (4096K), 3 survivors (3072K)
 Metaspace       used 26693K, committed 26944K, reserved 1073152K
  class space    used 3523K, committed 3648K, reserved 1048576K
}
Event: 2.336 GC heap after
{Heap after GC invocations=6 (full 0):
 garbage-first heap   total 71680K, used 20642K [0x0000000080000000, 0x0000000100000000)
  region size 1024K, 1 young (1024K), 1 survivors (1024K)
 Metaspace       used 26693K, committed 26944K, reserved 1073152K
  class space    used 3523K, committed 3648K, reserved 1048576K
}
Event: 2.740 GC heap before
{Heap before GC invocations=6 (full 0):
 garbage-first heap   total 71680K, used 49314K [0x0000000080000000, 0x0000000100000000)
  region size 1024K, 29 young (29696K), 1 survivors (1024K)
 Metaspace       used 30964K, committed 31296K, reserved 1081344K
  class space    used 4227K, committed 4352K, reserved 1048576K
}
Event: 2.742 GC heap after
{Heap after GC invocations=7 (full 0):
 garbage-first heap   total 71680K, used 21951K [0x0000000080000000, 0x0000000100000000)
  region size 1024K, 2 young (2048K), 2 survivors (2048K)
 Metaspace       used 30964K, committed 31296K, reserved 1081344K
  class space    used 4227K, committed 4352K, reserved 1048576K
}
Event: 3.111 GC heap before
{Heap before GC invocations=7 (full 0):
 garbage-first heap   total 71680K, used 47551K [0x0000000080000000, 0x0000000100000000)
  region size 1024K, 28 young (28672K), 2 survivors (2048K)
 Metaspace       used 35803K, committed 36096K, reserved 1081344K
  class space    used 4905K, committed 5056K, reserved 1048576K
}
Event: 3.113 GC heap after
{Heap after GC invocations=8 (full 0):
 garbage-first heap   total 71680K, used 24037K [0x0000000080000000, 0x0000000100000000)
  region size 1024K, 4 young (4096K), 4 survivors (4096K)
 Metaspace       used 35803K, committed 36096K, reserved 1081344K
  class space    used 4905K, committed 5056K, reserved 1048576K
}

Dll operation events (2 events):
Event: 0.009 Loaded shared library D:\Android\Android Studio\jbr\bin\java.dll
Event: 0.349 Loaded shared library D:\Android\Android Studio\jbr\bin\verify.dll

Deoptimization events (20 events):
Event: 3.132 Thread 0x000001b660cd68c0 Uncommon trap: trap_request=0xffffffde fr.pc=0x000001b64da6f690 relative=0x00000000000002d0
Event: 3.132 Thread 0x000001b660cd68c0 Uncommon trap: reason=class_check action=maybe_recompile pc=0x000001b64da6f690 method=java.lang.reflect.Executable.getAnnotation(Ljava/lang/Class;)Ljava/lang/annotation/Annotation; @ 19 c2
Event: 3.132 Thread 0x000001b660cd68c0 DEOPT PACKING pc=0x000001b64da6f690 sp=0x00000033b22f81a0
Event: 3.132 Thread 0x000001b660cd68c0 DEOPT UNPACKING pc=0x000001b64d3769a3 sp=0x00000033b22f80f8 mode 2
Event: 3.135 Thread 0x000001b660cd68c0 Uncommon trap: trap_request=0xffffffde fr.pc=0x000001b64da6f690 relative=0x00000000000002d0
Event: 3.135 Thread 0x000001b660cd68c0 Uncommon trap: reason=class_check action=maybe_recompile pc=0x000001b64da6f690 method=java.lang.reflect.Executable.getAnnotation(Ljava/lang/Class;)Ljava/lang/annotation/Annotation; @ 19 c2
Event: 3.135 Thread 0x000001b660cd68c0 DEOPT PACKING pc=0x000001b64da6f690 sp=0x00000033b22f81a0
Event: 3.135 Thread 0x000001b660cd68c0 DEOPT UNPACKING pc=0x000001b64d3769a3 sp=0x00000033b22f80f8 mode 2
Event: 3.135 Thread 0x000001b660cd68c0 Uncommon trap: trap_request=0xffffffde fr.pc=0x000001b64da6f690 relative=0x00000000000002d0
Event: 3.135 Thread 0x000001b660cd68c0 Uncommon trap: reason=class_check action=maybe_recompile pc=0x000001b64da6f690 method=java.lang.reflect.Executable.getAnnotation(Ljava/lang/Class;)Ljava/lang/annotation/Annotation; @ 19 c2
Event: 3.135 Thread 0x000001b660cd68c0 DEOPT PACKING pc=0x000001b64da6f690 sp=0x00000033b22f81a0
Event: 3.135 Thread 0x000001b660cd68c0 DEOPT UNPACKING pc=0x000001b64d3769a3 sp=0x00000033b22f80f8 mode 2
Event: 3.135 Thread 0x000001b660cd68c0 Uncommon trap: trap_request=0xffffffde fr.pc=0x000001b64da6f690 relative=0x00000000000002d0
Event: 3.135 Thread 0x000001b660cd68c0 Uncommon trap: reason=class_check action=maybe_recompile pc=0x000001b64da6f690 method=java.lang.reflect.Executable.getAnnotation(Ljava/lang/Class;)Ljava/lang/annotation/Annotation; @ 19 c2
Event: 3.135 Thread 0x000001b660cd68c0 DEOPT PACKING pc=0x000001b64da6f690 sp=0x00000033b22f81a0
Event: 3.135 Thread 0x000001b660cd68c0 DEOPT UNPACKING pc=0x000001b64d3769a3 sp=0x00000033b22f80f8 mode 2
Event: 3.170 Thread 0x000001b660cd68c0 Uncommon trap: trap_request=0xffffffc6 fr.pc=0x000001b64d9300ec relative=0x0000000000000f2c
Event: 3.170 Thread 0x000001b660cd68c0 Uncommon trap: reason=bimorphic_or_optimized_type_check action=maybe_recompile pc=0x000001b64d9300ec method=java.util.Properties$LineReader.readLine()I @ 70 c2
Event: 3.170 Thread 0x000001b660cd68c0 DEOPT PACKING pc=0x000001b64d9300ec sp=0x00000033b22f8010
Event: 3.170 Thread 0x000001b660cd68c0 DEOPT UNPACKING pc=0x000001b64d3769a3 sp=0x00000033b22f7fb0 mode 2

Classes unloaded (0 events):
No events

Classes redefined (0 events):
No events

Internal exceptions (20 events):
Event: 2.701 Thread 0x000001b660cd68c0 Exception <a 'java/lang/NoSuchMethodError'{0x0000000082cfaf88}: 'java.lang.Object java.lang.invoke.Invokers$Holder.linkToTargetMethod(java.lang.Object, java.lang.Object, java.lang.Object, java.lang.Object, java.lang.Object, java.lang.Object, java.lang.Object, java.lang.Object, java.lang.Object, java.lang.Object, java.lang.Object)'> (0x0000000082cfaf88) 
thrown [s\src\hotspot\share\interpreter\linkResolver.cpp, line 771]
Event: 2.704 Thread 0x000001b660cd68c0 Exception <a 'java/lang/NoSuchMethodError'{0x0000000082b40a88}: 'java.lang.Object java.lang.invoke.DirectMethodHandle$Holder.invokeSpecial(java.lang.Object, java.lang.Object, java.lang.Object, java.lang.Object, java.lang.Object, java.lang.Object, java.lang.Object, java.lang.Object, java.lang.Object, java.lang.Object, java.lang.Object, java.lang.Object, java.lang.Object, java.lang.Object)'> (0x0000000082b40a88) 
thrown [s\src\hotspot\share\interpreter\linkResolver.cpp, line 771]
Event: 2.704 Thread 0x000001b660cd68c0 Exception <a 'java/lang/NoSuchMethodError'{0x0000000082b52e08}: 'java.lang.Object java.lang.invoke.DirectMethodHandle$Holder.newInvokeSpecial(java.lang.Object, java.lang.Object, java.lang.Object, java.lang.Object, java.lang.Object, java.lang.Object, java.lang.Object, java.lang.Object, java.lang.Object, java.lang.Object, java.lang.Object, java.lang.Object)'> (0x0000000082b52e08) 
thrown [s\src\hotspot\share\interpreter\linkResolver.cpp, line 771]
Event: 2.704 Thread 0x000001b660cd68c0 Exception <a 'java/lang/NoSuchMethodError'{0x0000000082b587a0}: 'java.lang.Object java.lang.invoke.Invokers$Holder.linkToTargetMethod(java.lang.Object, java.lang.Object, java.lang.Object, java.lang.Object, java.lang.Object, java.lang.Object, java.lang.Object, java.lang.Object, java.lang.Object, java.lang.Object, java.lang.Object, java.lang.Object)'> (0x0000000082b587a0) 
thrown [s\src\hotspot\share\interpreter\linkResolver.cpp, line 771]
Event: 2.715 Thread 0x000001b660cd68c0 Exception <a 'java/lang/NoSuchMethodError'{0x0000000082a05188}: 'java.lang.Object java.lang.invoke.DirectMethodHandle$Holder.invokeStaticInit(java.lang.Object, java.lang.Object, java.lang.Object, java.lang.Object)'> (0x0000000082a05188) 
thrown [s\src\hotspot\share\interpreter\linkResolver.cpp, line 771]
Event: 2.826 Thread 0x000001b660cd68c0 Exception <a 'java/lang/NoSuchMethodError'{0x000000008cc359d8}: 'java.lang.Object java.lang.invoke.DirectMethodHandle$Holder.newInvokeSpecial(java.lang.Object, java.lang.Object, java.lang.Object, java.lang.Object, java.lang.Object, java.lang.Object, java.lang.Object, java.lang.Object)'> (0x000000008cc359d8) 
thrown [s\src\hotspot\share\interpreter\linkResolver.cpp, line 771]
Event: 2.826 Thread 0x000001b660cd68c0 Exception <a 'java/lang/NoSuchMethodError'{0x000000008cc3b7b8}: 'java.lang.Object java.lang.invoke.Invokers$Holder.linkToTargetMethod(java.lang.Object, java.lang.Object, java.lang.Object, java.lang.Object, java.lang.Object, java.lang.Object, java.lang.Object, java.lang.Object)'> (0x000000008cc3b7b8) 
thrown [s\src\hotspot\share\interpreter\linkResolver.cpp, line 771]
Event: 2.831 Thread 0x000001b660cd68c0 Exception <a 'java/lang/IncompatibleClassChangeError'{0x000000008cc9da80}: Found class java.lang.Object, but interface was expected> (0x000000008cc9da80) 
thrown [s\src\hotspot\share\interpreter\linkResolver.cpp, line 838]
Event: 2.917 Thread 0x000001b660cd68c0 Exception <a 'java/lang/NoSuchMethodError'{0x00000000838bf5f8}: 'int java.lang.invoke.DirectMethodHandle$Holder.invokeStaticInit(java.lang.Object, java.lang.Object, java.lang.Object)'> (0x00000000838bf5f8) 
thrown [s\src\hotspot\share\interpreter\linkResolver.cpp, line 771]
Event: 2.919 Thread 0x000001b660cd68c0 Exception <a 'java/lang/NoSuchMethodError'{0x00000000838d4630}: 'java.lang.Object java.lang.invoke.DirectMethodHandle$Holder.newInvokeSpecial(java.lang.Object, java.lang.Object, long)'> (0x00000000838d4630) 
thrown [s\src\hotspot\share\interpreter\linkResolver.cpp, line 771]
Event: 2.920 Thread 0x000001b660cd68c0 Exception <a 'java/lang/NoSuchMethodError'{0x00000000838d8c40}: 'java.lang.Object java.lang.invoke.Invokers$Holder.linkToTargetMethod(java.lang.Object, long, java.lang.Object)'> (0x00000000838d8c40) 
thrown [s\src\hotspot\share\interpreter\linkResolver.cpp, line 771]
Event: 2.933 Thread 0x000001b660cd68c0 Exception <a 'java/lang/NoSuchMethodError'{0x00000000837d5508}: 'int java.lang.invoke.DirectMethodHandle$Holder.invokeInterface(java.lang.Object, java.lang.Object)'> (0x00000000837d5508) 
thrown [s\src\hotspot\share\interpreter\linkResolver.cpp, line 771]
Event: 2.936 Thread 0x000001b660cd68c0 Exception <a 'java/lang/NoSuchMethodError'{0x00000000837f9300}: 'java.lang.Object java.lang.invoke.DirectMethodHandle$Holder.invokeStatic(java.lang.Object, java.lang.Object, int, java.lang.Object)'> (0x00000000837f9300) 
thrown [s\src\hotspot\share\interpreter\linkResolver.cpp, line 771]
Event: 2.936 Thread 0x000001b660cd68c0 Exception <a 'java/lang/NoSuchMethodError'{0x00000000836015a8}: 'java.lang.Object java.lang.invoke.DirectMethodHandle$Holder.newInvokeSpecial(java.lang.Object, java.lang.Object, int, java.lang.Object)'> (0x00000000836015a8) 
thrown [s\src\hotspot\share\interpreter\linkResolver.cpp, line 771]
Event: 2.937 Thread 0x000001b660cd68c0 Exception <a 'java/lang/NoSuchMethodError'{0x0000000083605e90}: 'java.lang.Object java.lang.invoke.DirectMethodHandle$Holder.invokeSpecial(java.lang.Object, java.lang.Object, java.lang.Object, int, java.lang.Object)'> (0x0000000083605e90) 
thrown [s\src\hotspot\share\interpreter\linkResolver.cpp, line 771]
Event: 2.993 Thread 0x000001b660cd68c0 Exception <a 'java/lang/NoSuchMethodError'{0x000000008333d280}: 'java.lang.Object java.lang.invoke.DirectMethodHandle$Holder.invokeSpecial(java.lang.Object, java.lang.Object, java.lang.Object, int, java.lang.Object, java.lang.Object)'> (0x000000008333d280) 
thrown [s\src\hotspot\share\interpreter\linkResolver.cpp, line 771]
Event: 3.061 Thread 0x000001b660cd68c0 Exception <a 'java/lang/NoSuchMethodError'{0x0000000082f6ffb8}: 'void java.lang.invoke.DirectMethodHandle$Holder.invokeStaticInit(java.lang.Object, java.lang.Object, java.lang.Object)'> (0x0000000082f6ffb8) 
thrown [s\src\hotspot\share\interpreter\linkResolver.cpp, line 771]
Event: 3.061 Thread 0x000001b660cd68c0 Exception <a 'java/lang/NoSuchMethodError'{0x0000000082f77948}: 'void java.lang.invoke.DirectMethodHandle$Holder.invokeStaticInit(java.lang.Object, java.lang.Object, java.lang.Object, java.lang.Object)'> (0x0000000082f77948) 
thrown [s\src\hotspot\share\interpreter\linkResolver.cpp, line 771]
Event: 3.063 Thread 0x000001b660cd68c0 Exception <a 'java/lang/NoSuchMethodError'{0x0000000082f99b10}: 'void java.lang.invoke.DirectMethodHandle$Holder.invokeStaticInit(java.lang.Object, java.lang.Object, java.lang.Object, java.lang.Object, java.lang.Object)'> (0x0000000082f99b10) 
thrown [s\src\hotspot\share\interpreter\linkResolver.cpp, line 771]
Event: 3.073 Thread 0x000001b660cd68c0 Exception <a 'java/lang/NoSuchMethodError'{0x0000000082ffa1b0}: 'int java.lang.invoke.DirectMethodHandle$Holder.invokeStaticInit(java.lang.Object, java.lang.Object, java.lang.Object, java.lang.Object)'> (0x0000000082ffa1b0) 
thrown [s\src\hotspot\share\interpreter\linkResolver.cpp, line 771]

VM Operations (20 events):
Event: 2.667 Executing VM operation: HandshakeAllThreads
Event: 2.667 Executing VM operation: HandshakeAllThreads done
Event: 2.740 Executing VM operation: G1CollectForAllocation
Event: 2.742 Executing VM operation: G1CollectForAllocation done
Event: 2.821 Executing VM operation: HandshakeAllThreads
Event: 2.821 Executing VM operation: HandshakeAllThreads done
Event: 2.950 Executing VM operation: HandshakeAllThreads
Event: 2.950 Executing VM operation: HandshakeAllThreads done
Event: 2.951 Executing VM operation: HandshakeAllThreads
Event: 2.951 Executing VM operation: HandshakeAllThreads done
Event: 2.976 Executing VM operation: HandshakeAllThreads
Event: 2.976 Executing VM operation: HandshakeAllThreads done
Event: 3.027 Executing VM operation: HandshakeAllThreads
Event: 3.027 Executing VM operation: HandshakeAllThreads done
Event: 3.110 Executing VM operation: CollectForMetadataAllocation
Event: 3.113 Executing VM operation: CollectForMetadataAllocation done
Event: 3.124 Executing VM operation: G1Concurrent
Event: 3.126 Executing VM operation: G1Concurrent done
Event: 3.130 Executing VM operation: G1Concurrent
Event: 3.130 Executing VM operation: G1Concurrent done

Events (20 events):
Event: 3.189 loading class javax/swing/AbstractButton done
Event: 3.189 loading class javax/swing/JMenuItem done
Event: 3.189 loading class javax/swing/JMenu done
Event: 3.189 loading class javax/swing/table/DefaultTableModel
Event: 3.189 loading class javax/swing/table/AbstractTableModel
Event: 3.189 loading class javax/swing/table/AbstractTableModel done
Event: 3.189 loading class javax/swing/table/DefaultTableModel done
Event: 3.189 loading class javax/swing/JPopupMenu
Event: 3.190 loading class javax/swing/JPopupMenu done
Event: 3.190 loading class javax/swing/Action
Event: 3.190 loading class javax/swing/Action done
Event: 3.190 loading class javax/swing/JToolBar
Event: 3.190 loading class javax/swing/JToolBar done
Event: 3.190 loading class javax/swing/table/TableColumn
Event: 3.190 loading class javax/swing/table/TableColumn done
Event: 3.190 loading class java/awt/Image
Event: 3.191 loading class java/awt/Image done
Event: 3.191 loading class java/awt/MenuComponent
Event: 3.191 loading class java/awt/MenuComponent done
Event: 3.191 loading class java/awt/Font


Dynamic libraries:
0x00007ff7758e0000 - 0x00007ff7758ea000 	D:\Android\Android Studio\jbr\bin\java.exe
0x00007ffdd33f0000 - 0x00007ffdd35e8000 	C:\Windows\SYSTEM32\ntdll.dll
0x00007ffdd2520000 - 0x00007ffdd25dd000 	C:\Windows\System32\KERNEL32.DLL
0x00007ffdd1150000 - 0x00007ffdd1446000 	C:\Windows\System32\KERNELBASE.dll
0x00007ffdd0fe0000 - 0x00007ffdd10e0000 	C:\Windows\System32\ucrtbase.dll
0x00007ffdcafd0000 - 0x00007ffdcafe7000 	D:\Android\Android Studio\jbr\bin\jli.dll
0x00007ffdcaf00000 - 0x00007ffdcaf1b000 	D:\Android\Android Studio\jbr\bin\VCRUNTIME140.dll
0x00007ffdd1480000 - 0x00007ffdd161e000 	C:\Windows\System32\USER32.dll
0x00007ffdd0b00000 - 0x00007ffdd0b22000 	C:\Windows\System32\win32u.dll
0x00007ffdd16d0000 - 0x00007ffdd16fc000 	C:\Windows\System32\GDI32.dll
0x00007ffdbb030000 - 0x00007ffdbb2ca000 	C:\Windows\WinSxS\amd64_microsoft.windows.common-controls_6595b64144ccf1df_6.0.19041.3636_none_60b6a03d71f818d5\COMCTL32.dll
0x00007ffdd2f30000 - 0x00007ffdd2fce000 	C:\Windows\System32\msvcrt.dll
0x00007ffdd0e30000 - 0x00007ffdd0f4a000 	C:\Windows\System32\gdi32full.dll
0x00007ffdd0d40000 - 0x00007ffdd0ddd000 	C:\Windows\System32\msvcp_win.dll
0x00007ffdd1450000 - 0x00007ffdd1480000 	C:\Windows\System32\IMM32.DLL
0x00007ffdc8de0000 - 0x00007ffdc8dec000 	D:\Android\Android Studio\jbr\bin\vcruntime140_1.dll
0x00007ffda0e90000 - 0x00007ffda0f1d000 	D:\Android\Android Studio\jbr\bin\msvcp140.dll
0x00007ffd97390000 - 0x00007ffd97ffe000 	D:\Android\Android Studio\jbr\bin\server\jvm.dll
0x00007ffdd1620000 - 0x00007ffdd16cf000 	C:\Windows\System32\ADVAPI32.dll
0x00007ffdd2690000 - 0x00007ffdd272c000 	C:\Windows\System32\sechost.dll
0x00007ffdd3120000 - 0x00007ffdd3246000 	C:\Windows\System32\RPCRT4.dll
0x00007ffdcdf50000 - 0x00007ffdcdf59000 	C:\Windows\SYSTEM32\WSOCK32.dll
0x00007ffdd24b0000 - 0x00007ffdd251b000 	C:\Windows\System32\WS2_32.dll
0x00007ffdc8880000 - 0x00007ffdc888a000 	C:\Windows\SYSTEM32\VERSION.dll
0x00007ffdbb3c0000 - 0x00007ffdbb3e7000 	C:\Windows\SYSTEM32\WINMM.dll
0x00007ffdcf320000 - 0x00007ffdcf332000 	C:\Windows\SYSTEM32\kernel.appcore.dll
0x00007ffdcdf30000 - 0x00007ffdcdf3a000 	D:\Android\Android Studio\jbr\bin\jimage.dll
0x00007ffdcf040000 - 0x00007ffdcf224000 	C:\Windows\SYSTEM32\DBGHELP.DLL
0x00007ffdbcfd0000 - 0x00007ffdbd004000 	C:\Windows\SYSTEM32\dbgcore.DLL
0x00007ffdd0f50000 - 0x00007ffdd0fd2000 	C:\Windows\System32\bcryptPrimitives.dll
0x00007ffdcafa0000 - 0x00007ffdcafc5000 	D:\Android\Android Studio\jbr\bin\java.dll
0x00007ffdcaf20000 - 0x00007ffdcaf38000 	D:\Android\Android Studio\jbr\bin\zip.dll
0x00007ffdd1b70000 - 0x00007ffdd22b4000 	C:\Windows\System32\SHELL32.dll
0x00007ffdce7d0000 - 0x00007ffdcef6b000 	C:\Windows\SYSTEM32\windows.storage.dll
0x00007ffdd2bd0000 - 0x00007ffdd2f24000 	C:\Windows\System32\combase.dll
0x00007ffdd0510000 - 0x00007ffdd053d000 	C:\Windows\SYSTEM32\Wldp.dll
0x00007ffdd3250000 - 0x00007ffdd32fd000 	C:\Windows\System32\SHCORE.dll
0x00007ffdd2730000 - 0x00007ffdd2785000 	C:\Windows\System32\shlwapi.dll
0x00007ffdd0a00000 - 0x00007ffdd0a25000 	C:\Windows\SYSTEM32\profapi.dll
0x00007ffdc9c60000 - 0x00007ffdc9c79000 	D:\Android\Android Studio\jbr\bin\net.dll
0x00007ffdc6520000 - 0x00007ffdc662a000 	C:\Windows\SYSTEM32\WINHTTP.dll
0x00007ffdd0270000 - 0x00007ffdd02da000 	C:\Windows\system32\mswsock.dll
0x00007ffdc9c40000 - 0x00007ffdc9c56000 	D:\Android\Android Studio\jbr\bin\nio.dll
0x00007ffdc9c10000 - 0x00007ffdc9c20000 	D:\Android\Android Studio\jbr\bin\verify.dll
0x00007ffdb68c0000 - 0x00007ffdb68e7000 	C:\Users\Random\.gradle\native\68d5fa5c4cc2d200863cafc0d521ce42e7d3e7ee720ec0a83991735586a16f82\windows-amd64\native-platform.dll
0x00007ffd9fc50000 - 0x00007ffd9fd94000 	C:\Users\Random\.gradle\native\e376f236ea51e6404a007f0833ffe2c6e607c4080706a723a18a27aeea778392\windows-amd64\native-platform-file-events.dll
0x00007ffdc9c30000 - 0x00007ffdc9c39000 	D:\Android\Android Studio\jbr\bin\management.dll
0x00007ffdc9c20000 - 0x00007ffdc9c2b000 	D:\Android\Android Studio\jbr\bin\management_ext.dll
0x00007ffdd24a0000 - 0x00007ffdd24a8000 	C:\Windows\System32\PSAPI.DLL
0x00007ffdd0460000 - 0x00007ffdd0478000 	C:\Windows\SYSTEM32\CRYPTSP.dll
0x00007ffdcfb30000 - 0x00007ffdcfb64000 	C:\Windows\system32\rsaenh.dll
0x00007ffdd0ad0000 - 0x00007ffdd0af7000 	C:\Windows\System32\bcrypt.dll
0x00007ffdd0980000 - 0x00007ffdd09ae000 	C:\Windows\SYSTEM32\USERENV.dll
0x00007ffdd0480000 - 0x00007ffdd048c000 	C:\Windows\SYSTEM32\CRYPTBASE.dll
0x00007ffdcff10000 - 0x00007ffdcff4b000 	C:\Windows\SYSTEM32\IPHLPAPI.DLL
0x00007ffdd2b40000 - 0x00007ffdd2b48000 	C:\Windows\System32\NSI.dll
0x00007ffdc84d0000 - 0x00007ffdc84e7000 	C:\Windows\SYSTEM32\dhcpcsvc6.DLL
0x00007ffdc7db0000 - 0x00007ffdc7dcd000 	C:\Windows\SYSTEM32\dhcpcsvc.DLL
0x00007ffdcff50000 - 0x00007ffdd001a000 	C:\Windows\SYSTEM32\DNSAPI.dll
0x00007ffdc9c00000 - 0x00007ffdc9c07000 	C:\Windows\system32\wshunix.dll

dbghelp: loaded successfully - version: 4.0.5 - missing functions: none
symbol engine: initialized successfully - sym options: 0x614 - pdb path: .;D:\Android\Android Studio\jbr\bin;C:\Windows\SYSTEM32;C:\Windows\WinSxS\amd64_microsoft.windows.common-controls_6595b64144ccf1df_6.0.19041.3636_none_60b6a03d71f818d5;D:\Android\Android Studio\jbr\bin\server;C:\Users\Random\.gradle\native\68d5fa5c4cc2d200863cafc0d521ce42e7d3e7ee720ec0a83991735586a16f82\windows-amd64;C:\Users\Random\.gradle\native\e376f236ea51e6404a007f0833ffe2c6e607c4080706a723a18a27aeea778392\windows-amd64

VM Arguments:
jvm_args: --add-opens=java.base/java.util=ALL-UNNAMED --add-opens=java.base/java.lang=ALL-UNNAMED --add-opens=java.base/java.lang.invoke=ALL-UNNAMED --add-opens=java.prefs/java.util.prefs=ALL-UNNAMED --add-opens=java.base/java.nio.charset=ALL-UNNAMED --add-opens=java.base/java.net=ALL-UNNAMED --add-opens=java.base/java.util.concurrent.atomic=ALL-UNNAMED -Xmx2048m -Dfile.encoding=UTF-8 -Duser.country=CN -Duser.language=zh -Duser.variant 
java_command: org.gradle.launcher.daemon.bootstrap.GradleDaemon 8.0
java_class_path (initial): C:\Users\Random\.gradle\wrapper\dists\gradle-8.0-bin\ca5e32bp14vu59qr306oxotwh\gradle-8.0\lib\gradle-launcher-8.0.jar
Launcher Type: SUN_STANDARD

[Global flags]
     intx CICompilerCount                          = 4                                         {product} {ergonomic}
     uint ConcGCThreads                            = 2                                         {product} {ergonomic}
     uint G1ConcRefinementThreads                  = 8                                         {product} {ergonomic}
   size_t G1HeapRegionSize                         = 1048576                                   {product} {ergonomic}
    uintx GCDrainStackTargetSize                   = 64                                        {product} {ergonomic}
   size_t InitialHeapSize                          = 266338304                                 {product} {ergonomic}
   size_t MarkStackSize                            = 4194304                                   {product} {ergonomic}
   size_t MaxHeapSize                              = 2147483648                                {product} {command line}
   size_t MaxNewSize                               = 1287651328                                {product} {ergonomic}
   size_t MinHeapDeltaBytes                        = 1048576                                   {product} {ergonomic}
   size_t MinHeapSize                              = 8388608                                   {product} {ergonomic}
    uintx NonNMethodCodeHeapSize                   = 5839372                                {pd product} {ergonomic}
    uintx NonProfiledCodeHeapSize                  = 122909434                              {pd product} {ergonomic}
    uintx ProfiledCodeHeapSize                     = 122909434                              {pd product} {ergonomic}
    uintx ReservedCodeCacheSize                    = 251658240                              {pd product} {ergonomic}
     bool SegmentedCodeCache                       = true                                      {product} {ergonomic}
   size_t SoftMaxHeapSize                          = 2147483648                             {manageable} {ergonomic}
     bool UseCompressedClassPointers               = true                           {product lp64_product} {ergonomic}
     bool UseCompressedOops                        = true                           {product lp64_product} {ergonomic}
     bool UseG1GC                                  = true                                      {product} {ergonomic}
     bool UseLargePagesIndividualAllocation        = false                                  {pd product} {ergonomic}

Logging:
Log output configuration:
 #0: stdout all=warning uptime,level,tags
 #1: stderr all=off uptime,level,tags

Environment Variables:
JAVA_HOME=D:\java\1.8
PATH=C:\Program Files (x86)\VMware\VMware Workstation\bin\;C:\Windows\system32;C:\Windows;C:\Windows\System32\Wbem;C:\Windows\System32\WindowsPowerShell\v1.0\;C:\Windows\System32\OpenSSH\;C:\Program Files (x86)\NVIDIA Corporation\PhysX\Common;D:\mysql\8.0.25\mysql-8.0.25-winx64\bin;D:\java\1.8\bin;D:\myprogram\Git\cmd;C:\Program Files\dotnet\;D:\maven\apache-maven-3.6.3-bin\apache-maven-3.6.3\bin;D:\nodejs\;C:\Users\Random\AppData\Local\Microsoft\WindowsApps;D:\myprogram\Microsoft VS Code\bin;
USERNAME=Random
OS=Windows_NT
PROCESSOR_IDENTIFIER=Intel64 Family 6 Model 165 Stepping 2, GenuineIntel
TMP=C:\Users\Random\AppData\Local\Temp
TEMP=C:\Users\Random\AppData\Local\Temp


JNI global refs:
JNI global refs: 24, weak refs: 0

JNI global refs memory usage: 843, weak refs: 841


---------------  S Y S T E M  ---------------

OS:
 Windows 10 , 64 bit Build 19041 (10.0.19041.3636)
OS uptime: 2 days 0:13 hours

CPU: total 8 (initial active 8) (4 cores per cpu, 2 threads per core) family 6 model 165 stepping 2 microcode 0xf0, cx8, cmov, fxsr, ht, mmx, 3dnowpref, sse, sse2, sse3, ssse3, sse4.1, sse4.2, popcnt, lzcnt, tsc, tscinvbit, avx, avx2, aes, erms, clmul, bmi1, bmi2, adx, fma, vzeroupper, clflush, clflushopt

Memory: 4k page, system-wide physical 16251M (789M free)
TotalPageFile size 29051M (AvailPageFile size 5M)
current process WorkingSet (physical memory assigned to process): 219M, peak: 219M
current process commit charge ("private bytes"): 261M, peak: 400M

vm_info: OpenJDK 64-Bit Server VM (17.0.6+0-b2043.56-10027231) for windows-amd64 JRE (17.0.6+0-b2043.56-10027231), built on Apr 28 2023 00:43:19 by "androidbuild" with MS VC++ 16.10 / 16.11 (VS2019)

END.
